<?xml version="1.0" encoding="UTF-8"?>
<!-- Generated by org.testng.reporters.JUnitReportReporter -->
<testsuite skipped="0" hostname="Bhavneet" name="com.test.GoogleTitleValidationTest" tests="1" failures="0" timestamp="29 Dec 2018 20:00:18 GMT" time="13.472" errors="0">
  <testcase name="googleTitleTest" time="13.472" classname="com.test.GoogleTitleValidationTest"/>
</testsuite> <!-- com.test.GoogleTitleValidationTest -->
