<?xml version="1.0" encoding="UTF-8"?>
<!-- Generated by org.testng.reporters.JUnitReportReporter -->
<testsuite skipped="0" hostname="Bhavneet" name="com.test.TestNGbasics" tests="2" failures="0" timestamp="29 Dec 2018 18:11:51 GMT" time="27.909" errors="0">
  <testcase name="googlegetURL" time="11.336" classname="com.test.TestNGbasics"/>
  <testcase name="googleTitleTest" time="16.573" classname="com.test.TestNGbasics"/>
</testsuite> <!-- com.test.TestNGbasics -->
