<?xml version="1.0" encoding="UTF-8"?>
<!-- Generated by org.testng.reporters.JUnitReportReporter -->
<testsuite skipped="0" hostname="Bhavneet" name="com.test.expectedExceptionTest" tests="1" failures="0" timestamp="29 Dec 2018 20:00:18 GMT" time="0.015" errors="0">
  <testcase name="test" time="0.015" classname="com.test.expectedExceptionTest"/>
</testsuite> <!-- com.test.expectedExceptionTest -->
